;  LST file generated by mikroListExporter - v.2.0 
; Date/Time: 5/13/2025 1:04:52 PM
;----------------------------------------------

;Address Opcode 	ASM
0x0000	0x2941      	GOTO       321
_____DoICP:
;__Lib_System.c,6 :: 		
;__Lib_System.c,9 :: 		
0x0003	0x1283      	BCF        STATUS, 5
0x0004	0x1303      	BCF        STATUS, 6
0x0005	0x0821      	MOVF       ___DoICPAddr+1, 0
0x0006	0x008A      	MOVWF      PCLATH
;__Lib_System.c,10 :: 		
0x0007	0x0820      	MOVF       ___DoICPAddr, 0
0x0008	0x0082      	MOVWF      PCL
;__Lib_System.c,12 :: 		
L_end_____DoICP:
0x0009	0x0008      	RETURN
; end of _____DoICP
_UART1_Write:
;__Lib_UART_c67.c,39 :: 		
;__Lib_UART_c67.c,40 :: 		
L_UART1_Write3:
0x000A	0x1683      	BSF        STATUS, 5
0x000B	0x1303      	BCF        STATUS, 6
0x000C	0x1898      	BTFSC      TXSTA, 1
0x000D	0x2810      	GOTO       L_UART1_Write4
;__Lib_UART_c67.c,41 :: 		
0x000E	0x0000      	NOP
0x000F	0x280A      	GOTO       L_UART1_Write3
L_UART1_Write4:
;__Lib_UART_c67.c,42 :: 		
0x0010	0x1283      	BCF        STATUS, 5
0x0011	0x082F      	MOVF       FARG_UART1_Write_data_, 0
0x0012	0x0099      	MOVWF      TXREG
;__Lib_UART_c67.c,43 :: 		
L_end_UART1_Write:
0x0013	0x0008      	RETURN
; end of _UART1_Write
_Delay_22us:
;__Lib_Delays.c,15 :: 		void Delay_22us() {
;__Lib_Delays.c,16 :: 		Delay_us(22);
0x0014	0x301D      	MOVLW      29
0x0015	0x1283      	BCF        STATUS, 5
0x0016	0x1303      	BCF        STATUS, 6
0x0017	0x00FD      	MOVWF      R13
L_Delay_22us1:
0x0018	0x0BFD      	DECFSZ     R13, 1
0x0019	0x2818      	GOTO       L_Delay_22us1
;__Lib_Delays.c,17 :: 		}
L_end_Delay_22us:
0x001A	0x0008      	RETURN
; end of _Delay_22us
_Div_16x16_U:
;__Lib_Math.c,215 :: 		
;__Lib_Math.c,222 :: 		
0x001B	0x1283      	BCF        STATUS, 5
;__Lib_Math.c,223 :: 		
0x001C	0x1303      	BCF        STATUS, 6
;__Lib_Math.c,224 :: 		
0x001D	0x01F8      	CLRF       R8
;__Lib_Math.c,225 :: 		
0x001E	0x01F9      	CLRF       R9
;__Lib_Math.c,226 :: 		
0x001F	0x3010      	MOVLW      16
;__Lib_Math.c,227 :: 		
0x0020	0x00FC      	MOVWF      R12
;__Lib_Math.c,228 :: 		
0x0021	0x0D71      	RLF        R1, 0
;__Lib_Math.c,229 :: 		
0x0022	0x0DF8      	RLF        R8, 1
;__Lib_Math.c,230 :: 		
0x0023	0x0DF9      	RLF        R9, 1
;__Lib_Math.c,231 :: 		
0x0024	0x0874      	MOVF       R4, 0
;__Lib_Math.c,232 :: 		
0x0025	0x02F8      	SUBWF      R8, 1
;__Lib_Math.c,233 :: 		
0x0026	0x0875      	MOVF       R5, 0
;__Lib_Math.c,234 :: 		
0x0027	0x1C03      	BTFSS      STATUS, 0
;__Lib_Math.c,235 :: 		
0x0028	0x0F75      	INCFSZ     R5, 0
;__Lib_Math.c,236 :: 		
0x0029	0x02F9      	SUBWF      R9, 1
;__Lib_Math.c,237 :: 		
0x002A	0x1803      	BTFSC      STATUS, 0
;__Lib_Math.c,238 :: 		
0x002B	0x2833      	GOTO       $+8
;__Lib_Math.c,239 :: 		
0x002C	0x0874      	MOVF       R4, 0
;__Lib_Math.c,240 :: 		
0x002D	0x07F8      	ADDWF      R8, 1
;__Lib_Math.c,241 :: 		
0x002E	0x0875      	MOVF       R5, 0
;__Lib_Math.c,242 :: 		
0x002F	0x1803      	BTFSC      STATUS, 0
;__Lib_Math.c,243 :: 		
0x0030	0x0F75      	INCFSZ     R5, 0
;__Lib_Math.c,244 :: 		
0x0031	0x07F9      	ADDWF      R9, 1
;__Lib_Math.c,245 :: 		
0x0032	0x1003      	BCF        STATUS, 0
;__Lib_Math.c,246 :: 		
0x0033	0x0DF0      	RLF        R0, 1
;__Lib_Math.c,247 :: 		
0x0034	0x0DF1      	RLF        R1, 1
;__Lib_Math.c,248 :: 		
0x0035	0x0BFC      	DECFSZ     R12, 1
;__Lib_Math.c,249 :: 		
0x0036	0x2821      	GOTO       $-21
;__Lib_Math.c,251 :: 		
L_end_Div_16x16_U:
0x0037	0x0008      	RETURN
; end of _Div_16x16_U
_Mul_16x16_U:
;__Lib_Math.c,136 :: 		
;__Lib_Math.c,143 :: 		
0x0038	0x1283      	BCF        STATUS, 5
;__Lib_Math.c,144 :: 		
0x0039	0x1303      	BCF        STATUS, 6
;__Lib_Math.c,145 :: 		
0x003A	0x01FB      	CLRF       R11
;__Lib_Math.c,146 :: 		
0x003B	0x01FA      	CLRF       R10
;__Lib_Math.c,147 :: 		
0x003C	0x01F9      	CLRF       R9
;__Lib_Math.c,148 :: 		
0x003D	0x3080      	MOVLW      128
;__Lib_Math.c,149 :: 		
0x003E	0x00F8      	MOVWF      R8
;__Lib_Math.c,150 :: 		
0x003F	0x0CF1      	RRF        R1, 1
;__Lib_Math.c,151 :: 		
0x0040	0x0CF0      	RRF        R0, 1
;__Lib_Math.c,152 :: 		
0x0041	0x1C03      	BTFSS      STATUS, 0
;__Lib_Math.c,153 :: 		
0x0042	0x284C      	GOTO       $+10
;__Lib_Math.c,154 :: 		
0x0043	0x0874      	MOVF       R4, 0
;__Lib_Math.c,155 :: 		
0x0044	0x07F9      	ADDWF      R9, 1
;__Lib_Math.c,156 :: 		
0x0045	0x0875      	MOVF       R5, 0
;__Lib_Math.c,157 :: 		
0x0046	0x1803      	BTFSC      STATUS, 0
;__Lib_Math.c,158 :: 		
0x0047	0x0F75      	INCFSZ     R5, 0
;__Lib_Math.c,159 :: 		
0x0048	0x07FA      	ADDWF      R10, 1
;__Lib_Math.c,160 :: 		
0x0049	0x1803      	BTFSC      STATUS, 0
;__Lib_Math.c,161 :: 		
0x004A	0x0AFB      	INCF       R11, 1
;__Lib_Math.c,162 :: 		
0x004B	0x1003      	BCF        STATUS, 0
;__Lib_Math.c,163 :: 		
0x004C	0x1FF0      	BTFSS      R0, 7
;__Lib_Math.c,164 :: 		
0x004D	0x2854      	GOTO       $+7
;__Lib_Math.c,165 :: 		
0x004E	0x0874      	MOVF       R4, 0
;__Lib_Math.c,166 :: 		
0x004F	0x07FA      	ADDWF      R10, 1
;__Lib_Math.c,167 :: 		
0x0050	0x0875      	MOVF       R5, 0
;__Lib_Math.c,168 :: 		
0x0051	0x1803      	BTFSC      STATUS, 0
;__Lib_Math.c,169 :: 		
0x0052	0x0F75      	INCFSZ     R5, 0
;__Lib_Math.c,170 :: 		
0x0053	0x07FB      	ADDWF      R11, 1
;__Lib_Math.c,171 :: 		
0x0054	0x0CFB      	RRF        R11, 1
;__Lib_Math.c,172 :: 		
0x0055	0x0CFA      	RRF        R10, 1
;__Lib_Math.c,173 :: 		
0x0056	0x0CF9      	RRF        R9, 1
;__Lib_Math.c,174 :: 		
0x0057	0x0CF8      	RRF        R8, 1
;__Lib_Math.c,175 :: 		
0x0058	0x1C03      	BTFSS      STATUS, 0
;__Lib_Math.c,176 :: 		
0x0059	0x283F      	GOTO       $-26
;__Lib_Math.c,177 :: 		
0x005A	0x087B      	MOVF       R11, 0
;__Lib_Math.c,178 :: 		
0x005B	0x00F3      	MOVWF      R3
;__Lib_Math.c,179 :: 		
0x005C	0x087A      	MOVF       R10, 0
;__Lib_Math.c,180 :: 		
0x005D	0x00F2      	MOVWF      R2
;__Lib_Math.c,181 :: 		
0x005E	0x0879      	MOVF       R9, 0
;__Lib_Math.c,182 :: 		
0x005F	0x00F1      	MOVWF      R1
;__Lib_Math.c,183 :: 		
0x0060	0x0878      	MOVF       R8, 0
;__Lib_Math.c,184 :: 		
0x0061	0x00F0      	MOVWF      R0
;__Lib_Math.c,187 :: 		
L_end_Mul_16x16_U:
0x0062	0x0008      	RETURN
; end of _Mul_16x16_U
_WordToStr:
;__Lib_Conversions.c,84 :: 		
;__Lib_Conversions.c,89 :: 		
0x0063	0x1283      	BCF        STATUS, 5
0x0064	0x1303      	BCF        STATUS, 6
0x0065	0x01AD      	CLRF       WordToStr_len_L0
L_WordToStr6:
0x0066	0x3005      	MOVLW      5
0x0067	0x022D      	SUBWF      WordToStr_len_L0, 0
0x0068	0x1803      	BTFSC      STATUS, 0
0x0069	0x2871      	GOTO       L_WordToStr7
;__Lib_Conversions.c,90 :: 		
0x006A	0x082D      	MOVF       WordToStr_len_L0, 0
0x006B	0x072C      	ADDWF      FARG_WordToStr_output, 0
0x006C	0x0084      	MOVWF      FSR
0x006D	0x3020      	MOVLW      32
0x006E	0x0080      	MOVWF      INDF
;__Lib_Conversions.c,89 :: 		
0x006F	0x0AAD      	INCF       WordToStr_len_L0, 1
;__Lib_Conversions.c,90 :: 		
0x0070	0x2866      	GOTO       L_WordToStr6
L_WordToStr7:
;__Lib_Conversions.c,91 :: 		
0x0071	0x082D      	MOVF       WordToStr_len_L0, 0
0x0072	0x072C      	ADDWF      FARG_WordToStr_output, 0
0x0073	0x0084      	MOVWF      FSR
0x0074	0x0180      	CLRF       INDF
0x0075	0x03AD      	DECF       WordToStr_len_L0, 1
;__Lib_Conversions.c,93 :: 		
L_WordToStr9:
;__Lib_Conversions.c,94 :: 		
0x0076	0x082D      	MOVF       WordToStr_len_L0, 0
0x0077	0x072C      	ADDWF      FARG_WordToStr_output, 0
0x0078	0x00AE      	MOVWF      FLOC__WordToStr
0x0079	0x300A      	MOVLW      10
0x007A	0x00F4      	MOVWF      R4
0x007B	0x01F5      	CLRF       R4+1
0x007C	0x082A      	MOVF       FARG_WordToStr_input, 0
0x007D	0x00F0      	MOVWF      R0
0x007E	0x082B      	MOVF       FARG_WordToStr_input+1, 0
0x007F	0x00F1      	MOVWF      R0+1
0x0080	0x201B      	CALL       _Div_16x16_U
0x0081	0x0878      	MOVF       R8, 0
0x0082	0x00F0      	MOVWF      R0
0x0083	0x0879      	MOVF       R8+1, 0
0x0084	0x00F1      	MOVWF      R0+1
0x0085	0x3030      	MOVLW      48
0x0086	0x07F0      	ADDWF      R0, 1
0x0087	0x082E      	MOVF       FLOC__WordToStr, 0
0x0088	0x0084      	MOVWF      FSR
0x0089	0x0870      	MOVF       R0, 0
0x008A	0x0080      	MOVWF      INDF
;__Lib_Conversions.c,95 :: 		
0x008B	0x300A      	MOVLW      10
0x008C	0x00F4      	MOVWF      R4
0x008D	0x01F5      	CLRF       R4+1
0x008E	0x082A      	MOVF       FARG_WordToStr_input, 0
0x008F	0x00F0      	MOVWF      R0
0x0090	0x082B      	MOVF       FARG_WordToStr_input+1, 0
0x0091	0x00F1      	MOVWF      R0+1
0x0092	0x201B      	CALL       _Div_16x16_U
0x0093	0x0870      	MOVF       R0, 0
0x0094	0x00AA      	MOVWF      FARG_WordToStr_input
0x0095	0x0871      	MOVF       R0+1, 0
0x0096	0x00AB      	MOVWF      FARG_WordToStr_input+1
;__Lib_Conversions.c,96 :: 		
0x0097	0x3000      	MOVLW      0
0x0098	0x0671      	XORWF      R0+1, 0
0x0099	0x1D03      	BTFSS      STATUS, 2
0x009A	0x289D      	GOTO       L__WordToStr109
0x009B	0x3000      	MOVLW      0
0x009C	0x0670      	XORWF      R0, 0
L__WordToStr109:
0x009D	0x1D03      	BTFSS      STATUS, 2
0x009E	0x28A0      	GOTO       L_WordToStr11
;__Lib_Conversions.c,97 :: 		
0x009F	0x28A2      	GOTO       L_WordToStr10
L_WordToStr11:
;__Lib_Conversions.c,98 :: 		
0x00A0	0x03AD      	DECF       WordToStr_len_L0, 1
;__Lib_Conversions.c,99 :: 		
0x00A1	0x2876      	GOTO       L_WordToStr9
L_WordToStr10:
;__Lib_Conversions.c,100 :: 		
L_end_WordToStr:
0x00A2	0x0008      	RETURN
; end of _WordToStr
_PWM1_Init:
;__Lib_PWM_c21.c,33 :: 		
;__Lib_PWM_c21.c,34 :: 		
;__Lib_PWM_c21.c,35 :: 		
0x00A3	0x1283      	BCF        STATUS, 5
0x00A4	0x1303      	BCF        STATUS, 6
0x00A5	0x0195      	CLRF       CCPR1L
;__Lib_PWM_c21.c,36 :: 		
0x00A6	0x1217      	BCF        CCP1CON, 4
;__Lib_PWM_c21.c,37 :: 		
0x00A7	0x1297      	BCF        CCP1CON, 5
;__Lib_PWM_c21.c,38 :: 		
L_end_PWM1_Init:
0x00A8	0x0008      	RETURN
; end of _PWM1_Init
_PWM1_Set_Duty:
;__Lib_PWM_c21.c,40 :: 		
;__Lib_PWM_c21.c,44 :: 		
0x00A9	0x1683      	BSF        STATUS, 5
0x00AA	0x1303      	BCF        STATUS, 6
0x00AB	0x0812      	MOVF       PR2, 0
0x00AC	0x3E01      	ADDLW      1
0x00AD	0x00F0      	MOVWF      R0
0x00AE	0x01F1      	CLRF       R0+1
0x00AF	0x1803      	BTFSC      STATUS, 0
0x00B0	0x0AF1      	INCF       R0+1, 1
0x00B1	0x1283      	BCF        STATUS, 5
0x00B2	0x082A      	MOVF       FARG_PWM1_Set_Duty_new_duty, 0
0x00B3	0x00F4      	MOVWF      R4
0x00B4	0x01F5      	CLRF       R4+1
0x00B5	0x2038      	CALL       _Mul_16x16_U
0x00B6	0x3006      	MOVLW      6
0x00B7	0x00F2      	MOVWF      R2
0x00B8	0x0870      	MOVF       R0, 0
0x00B9	0x00F4      	MOVWF      R4
0x00BA	0x0871      	MOVF       R0+1, 0
0x00BB	0x00F5      	MOVWF      R4+1
0x00BC	0x0872      	MOVF       R2, 0
L__PWM1_Set_Duty10:
0x00BD	0x1903      	BTFSC      STATUS, 2
0x00BE	0x28C4      	GOTO       L__PWM1_Set_Duty11
0x00BF	0x0CF5      	RRF        R4+1, 1
0x00C0	0x0CF4      	RRF        R4, 1
0x00C1	0x13F5      	BCF        R4+1, 7
0x00C2	0x3EFF      	ADDLW      255
0x00C3	0x28BD      	GOTO       L__PWM1_Set_Duty10
L__PWM1_Set_Duty11:
;__Lib_PWM_c21.c,45 :: 		
0x00C4	0x3004      	MOVLW      4
0x00C5	0x00F1      	MOVWF      R1
0x00C6	0x0874      	MOVF       R4, 0
0x00C7	0x00F0      	MOVWF      R0
0x00C8	0x0871      	MOVF       R1, 0
L__PWM1_Set_Duty12:
0x00C9	0x1903      	BTFSC      STATUS, 2
0x00CA	0x28CF      	GOTO       L__PWM1_Set_Duty13
0x00CB	0x0DF0      	RLF        R0, 1
0x00CC	0x1070      	BCF        R0, 0
0x00CD	0x3EFF      	ADDLW      255
0x00CE	0x28C9      	GOTO       L__PWM1_Set_Duty12
L__PWM1_Set_Duty13:
0x00CF	0x3030      	MOVLW      48
0x00D0	0x0570      	ANDWF      R0, 0
0x00D1	0x00F3      	MOVWF      R3
;__Lib_PWM_c21.c,46 :: 		
0x00D2	0x0874      	MOVF       R4, 0
0x00D3	0x00F0      	MOVWF      R0
0x00D4	0x0875      	MOVF       R4+1, 0
0x00D5	0x00F1      	MOVWF      R0+1
0x00D6	0x0CF1      	RRF        R0+1, 1
0x00D7	0x0CF0      	RRF        R0, 1
0x00D8	0x13F1      	BCF        R0+1, 7
0x00D9	0x0CF1      	RRF        R0+1, 1
0x00DA	0x0CF0      	RRF        R0, 1
0x00DB	0x13F1      	BCF        R0+1, 7
0x00DC	0x0870      	MOVF       R0, 0
0x00DD	0x0095      	MOVWF      CCPR1L
;__Lib_PWM_c21.c,47 :: 		
0x00DE	0x300F      	MOVLW      15
0x00DF	0x0597      	ANDWF      CCP1CON, 1
;__Lib_PWM_c21.c,48 :: 		
0x00E0	0x0873      	MOVF       R3, 0
0x00E1	0x0497      	IORWF      CCP1CON, 1
;__Lib_PWM_c21.c,49 :: 		
L_end_PWM1_Set_Duty:
0x00E2	0x0008      	RETURN
; end of _PWM1_Set_Duty
_ADC_Read:
;__Lib_ADC_A_C.c,45 :: 		
;__Lib_ADC_A_C.c,47 :: 		
0x00E3	0x1283      	BCF        STATUS, 5
0x00E4	0x1303      	BCF        STATUS, 6
0x00E5	0x019F      	CLRF       ADCON0
;__Lib_ADC_A_C.c,48 :: 		
0x00E6	0x30C0      	MOVLW      192
0x00E7	0x049F      	IORWF      ADCON0, 1
;__Lib_ADC_A_C.c,49 :: 		
0x00E8	0x1683      	BSF        STATUS, 5
0x00E9	0x171F      	BSF        ADCON1, 6
;__Lib_ADC_A_C.c,50 :: 		
0x00EA	0x179F      	BSF        ADCON1, 7
;__Lib_ADC_A_C.c,51 :: 		
0x00EB	0x1283      	BCF        STATUS, 5
0x00EC	0x082A      	MOVF       FARG_ADC_Read_channel, 0
0x00ED	0x00F0      	MOVWF      R0
0x00EE	0x0DF0      	RLF        R0, 1
0x00EF	0x1070      	BCF        R0, 0
0x00F0	0x0DF0      	RLF        R0, 1
0x00F1	0x1070      	BCF        R0, 0
0x00F2	0x0DF0      	RLF        R0, 1
0x00F3	0x1070      	BCF        R0, 0
0x00F4	0x0870      	MOVF       R0, 0
0x00F5	0x049F      	IORWF      ADCON0, 1
;__Lib_ADC_A_C.c,54 :: 		
0x00F6	0x141F      	BSF        ADCON0, 0
;__Lib_ADC_A_C.c,57 :: 		
0x00F7	0x2014      	CALL       _Delay_22us
;__Lib_ADC_A_C.c,60 :: 		
0x00F8	0x151F      	BSF        ADCON0, 2
;__Lib_ADC_A_C.c,63 :: 		
L_ADC_Read2:
0x00F9	0x1D1F      	BTFSS      ADCON0, 2
0x00FA	0x28FD      	GOTO       L_ADC_Read3
;__Lib_ADC_A_C.c,64 :: 		
0x00FB	0x0000      	NOP
0x00FC	0x28F9      	GOTO       L_ADC_Read2
L_ADC_Read3:
;__Lib_ADC_A_C.c,67 :: 		
0x00FD	0x101F      	BCF        ADCON0, 0
;__Lib_ADC_A_C.c,70 :: 		
0x00FE	0x081E      	MOVF       ADRESH, 0
0x00FF	0x00F1      	MOVWF      R0+1
0x0100	0x01F0      	CLRF       R0
0x0101	0x1683      	BSF        STATUS, 5
0x0102	0x081E      	MOVF       ADRESL, 0
0x0103	0x04F0      	IORWF      R0, 1
0x0104	0x3000      	MOVLW      0
0x0105	0x04F1      	IORWF      R0+1, 1
;__Lib_ADC_A_C.c,71 :: 		
L_end_ADC_Read:
0x0106	0x0008      	RETURN
; end of _ADC_Read
___CC2DW:
;__Lib_System.c,134 :: 		
;__Lib_System.c,137 :: 		
_CC2D_Loop1:
;__Lib_System.c,139 :: 		
0x0107	0x2003      	CALL       _____DoICP
0x0108	0x118A      	BCF        PCLATH, 3
0x0109	0x120A      	BCF        PCLATH, 4
;__Lib_System.c,141 :: 		
0x010A	0x0080      	MOVWF      INDF
;__Lib_System.c,142 :: 		
0x010B	0x0A84      	INCF       FSR, 1
;__Lib_System.c,143 :: 		
0x010C	0x0AA0      	INCF       ___DoICPAddr, 1
;__Lib_System.c,145 :: 		
0x010D	0x1903      	BTFSC      STATUS, 2
;__Lib_System.c,146 :: 		
0x010E	0x0AA1      	INCF       ___DoICPAddr+1, 1
;__Lib_System.c,147 :: 		
0x010F	0x03F0      	DECF       R0, 1
;__Lib_System.c,149 :: 		
0x0110	0x1D03      	BTFSS      STATUS, 2
;__Lib_System.c,150 :: 		
0x0111	0x2907      	GOTO       _CC2D_Loop1
;__Lib_System.c,152 :: 		
L_end___CC2DW:
0x0112	0x0008      	RETURN
; end of ___CC2DW
_UART1_Write_Text:
;__Lib_UART_c67.c,47 :: 		
;__Lib_UART_c67.c,48 :: 		
0x0113	0x1283      	BCF        STATUS, 5
0x0114	0x1303      	BCF        STATUS, 6
0x0115	0x01AC      	CLRF       UART1_Write_Text_counter_L0
;__Lib_UART_c67.c,50 :: 		
0x0116	0x082A      	MOVF       FARG_UART1_Write_Text_uart_text, 0
0x0117	0x0084      	MOVWF      FSR
0x0118	0x0800      	MOVF       INDF, 0
0x0119	0x00AB      	MOVWF      UART1_Write_Text_data__L0
;__Lib_UART_c67.c,51 :: 		
L_UART1_Write_Text5:
0x011A	0x082B      	MOVF       UART1_Write_Text_data__L0, 0
0x011B	0x3A00      	XORLW      0
0x011C	0x1903      	BTFSC      STATUS, 2
0x011D	0x2928      	GOTO       L_UART1_Write_Text6
;__Lib_UART_c67.c,52 :: 		
0x011E	0x082B      	MOVF       UART1_Write_Text_data__L0, 0
0x011F	0x00AF      	MOVWF      FARG_UART1_Write_data_
0x0120	0x200A      	CALL       _UART1_Write
;__Lib_UART_c67.c,53 :: 		
0x0121	0x0AAC      	INCF       UART1_Write_Text_counter_L0, 1
;__Lib_UART_c67.c,54 :: 		
0x0122	0x082C      	MOVF       UART1_Write_Text_counter_L0, 0
0x0123	0x072A      	ADDWF      FARG_UART1_Write_Text_uart_text, 0
0x0124	0x0084      	MOVWF      FSR
0x0125	0x0800      	MOVF       INDF, 0
0x0126	0x00AB      	MOVWF      UART1_Write_Text_data__L0
;__Lib_UART_c67.c,55 :: 		
0x0127	0x291A      	GOTO       L_UART1_Write_Text5
L_UART1_Write_Text6:
;__Lib_UART_c67.c,56 :: 		
L_end_UART1_Write_Text:
0x0128	0x0008      	RETURN
; end of _UART1_Write_Text
_PWM1_Start:
;__Lib_PWM_c21.c,51 :: 		
;__Lib_PWM_c21.c,52 :: 		
0x0129	0x1683      	BSF        STATUS, 5
0x012A	0x1303      	BCF        STATUS, 6
0x012B	0x1107      	BCF        TRISC2_bit, BitPos(TRISC2_bit+0)
;__Lib_PWM_c21.c,53 :: 		
0x012C	0x1283      	BCF        STATUS, 5
0x012D	0x1512      	BSF        T2CON, 2
;__Lib_PWM_c21.c,54 :: 		
0x012E	0x300C      	MOVLW      12
0x012F	0x0497      	IORWF      CCP1CON, 1
;__Lib_PWM_c21.c,55 :: 		
L_end_PWM1_Start:
0x0130	0x0008      	RETURN
; end of _PWM1_Start
_UART1_Init:
;__Lib_UART_c67.c,2 :: 		
;__Lib_UART_c67.c,5 :: 		
0x0131	0x1683      	BSF        STATUS, 5
0x0132	0x1303      	BCF        STATUS, 6
0x0133	0x1698      	BSF        TXSTA, 5
;__Lib_UART_c67.c,6 :: 		
0x0134	0x3090      	MOVLW      144
0x0135	0x1283      	BCF        STATUS, 5
0x0136	0x0098      	MOVWF      RCSTA
;__Lib_UART_c67.c,7 :: 		
0x0137	0x1683      	BSF        STATUS, 5
0x0138	0x1787      	BSF        TRISC7_bit, BitPos(TRISC7_bit+0)
;__Lib_UART_c67.c,8 :: 		
0x0139	0x1307      	BCF        TRISC6_bit, BitPos(TRISC6_bit+0)
;__Lib_UART_c67.c,10 :: 		
L_UART1_Init0:
0x013A	0x1283      	BCF        STATUS, 5
0x013B	0x1E8C      	BTFSS      PIR1, 5
0x013C	0x2940      	GOTO       L_UART1_Init1
;__Lib_UART_c67.c,11 :: 		
0x013D	0x081A      	MOVF       RCREG, 0
0x013E	0x00F0      	MOVWF      R0
0x013F	0x293A      	GOTO       L_UART1_Init0
L_UART1_Init1:
;__Lib_UART_c67.c,12 :: 		
L_end_UART1_Init:
0x0140	0x0008      	RETURN
; end of _UART1_Init
_main:
;MyProject.c,2 :: 		void main() {
;MyProject.c,4 :: 		int pwm=0;
;MyProject.c,6 :: 		PWM1_Init(10000);
0x0141	0x1283      	BCF        STATUS, 5
0x0142	0x1303      	BCF        STATUS, 6
0x0143	0x1412      	BSF        T2CON, 0
0x0144	0x1092      	BCF        T2CON, 1
0x0145	0x3063      	MOVLW      99
0x0146	0x1683      	BSF        STATUS, 5
0x0147	0x0092      	MOVWF      PR2
0x0148	0x20A3      	CALL       _PWM1_Init
;MyProject.c,7 :: 		PWM1_Set_Duty(70);
0x0149	0x3046      	MOVLW      70
0x014A	0x00AA      	MOVWF      FARG_PWM1_Set_Duty_new_duty
0x014B	0x20A9      	CALL       _PWM1_Set_Duty
;MyProject.c,8 :: 		UART1_Init(9600);
0x014C	0x3067      	MOVLW      103
0x014D	0x1683      	BSF        STATUS, 5
0x014E	0x0099      	MOVWF      SPBRG
0x014F	0x1518      	BSF        TXSTA, 2
0x0150	0x2131      	CALL       _UART1_Init
;MyProject.c,9 :: 		TRISC = 0x10111011;
0x0151	0x3011      	MOVLW      17
0x0152	0x1683      	BSF        STATUS, 5
0x0153	0x0087      	MOVWF      TRISC
;MyProject.c,11 :: 		PORTC = 0;
0x0154	0x1283      	BCF        STATUS, 5
0x0155	0x0187      	CLRF       PORTC
;MyProject.c,12 :: 		TRISA= 0xff;
0x0156	0x30FF      	MOVLW      255
0x0157	0x1683      	BSF        STATUS, 5
0x0158	0x0085      	MOVWF      TRISA
;MyProject.c,13 :: 		ADCON1= 0x80;
0x0159	0x3080      	MOVLW      128
0x015A	0x009F      	MOVWF      ADCON1
;MyProject.c,14 :: 		PWM1_Start();
0x015B	0x2129      	CALL       _PWM1_Start
;MyProject.c,15 :: 		while(1)
L_main0:
;MyProject.c,17 :: 		Vin=ADC_Read(0);
0x015C	0x01AA      	CLRF       FARG_ADC_Read_channel
0x015D	0x20E3      	CALL       _ADC_Read
0x015E	0x0870      	MOVF       R0, 0
0x015F	0x1283      	BCF        STATUS, 5
0x0160	0x00A2      	MOVWF      main_Vin_L0
0x0161	0x0871      	MOVF       R0+1, 0
0x0162	0x00A3      	MOVWF      main_Vin_L0+1
;MyProject.c,19 :: 		WordToStr(Vin, buffer);
0x0163	0x0870      	MOVF       R0, 0
0x0164	0x00AA      	MOVWF      FARG_WordToStr_input
0x0165	0x0871      	MOVF       R0+1, 0
0x0166	0x00AB      	MOVWF      FARG_WordToStr_input+1
0x0167	0x3024      	MOVLW      main_buffer_L0
0x0168	0x00AC      	MOVWF      FARG_WordToStr_output
0x0169	0x2063      	CALL       _WordToStr
;MyProject.c,21 :: 		UART1_Write_Text(buffer);
0x016A	0x3024      	MOVLW      main_buffer_L0
0x016B	0x00AA      	MOVWF      FARG_UART1_Write_Text_uart_text
0x016C	0x2113      	CALL       _UART1_Write_Text
;MyProject.c,22 :: 		UART1_Write('\r');
0x016D	0x300D      	MOVLW      13
0x016E	0x00AF      	MOVWF      FARG_UART1_Write_data_
0x016F	0x200A      	CALL       _UART1_Write
;MyProject.c,23 :: 		UART1_Write('\n');
0x0170	0x300A      	MOVLW      10
0x0171	0x00AF      	MOVWF      FARG_UART1_Write_data_
0x0172	0x200A      	CALL       _UART1_Write
;MyProject.c,24 :: 		pwm = Vin/4;
0x0173	0x0822      	MOVF       main_Vin_L0, 0
0x0174	0x00F0      	MOVWF      R0
0x0175	0x0823      	MOVF       main_Vin_L0+1, 0
0x0176	0x00F1      	MOVWF      R0+1
0x0177	0x0CF1      	RRF        R0+1, 1
0x0178	0x0CF0      	RRF        R0, 1
0x0179	0x13F1      	BCF        R0+1, 7
0x017A	0x1B71      	BTFSC      R0+1, 6
0x017B	0x17F1      	BSF        R0+1, 7
0x017C	0x0CF1      	RRF        R0+1, 1
0x017D	0x0CF0      	RRF        R0, 1
0x017E	0x13F1      	BCF        R0+1, 7
0x017F	0x1B71      	BTFSC      R0+1, 6
0x0180	0x17F1      	BSF        R0+1, 7
;MyProject.c,25 :: 		PWM1_Set_Duty(pwm);
0x0181	0x0870      	MOVF       R0, 0
0x0182	0x00AA      	MOVWF      FARG_PWM1_Set_Duty_new_duty
0x0183	0x20A9      	CALL       _PWM1_Set_Duty
;MyProject.c,26 :: 		delay_ms(100);
0x0184	0x3003      	MOVLW      3
0x0185	0x00FB      	MOVWF      R11
0x0186	0x3008      	MOVLW      8
0x0187	0x00FC      	MOVWF      R12
0x0188	0x3077      	MOVLW      119
0x0189	0x00FD      	MOVWF      R13
L_main2:
0x018A	0x0BFD      	DECFSZ     R13, 1
0x018B	0x298A      	GOTO       L_main2
0x018C	0x0BFC      	DECFSZ     R12, 1
0x018D	0x298A      	GOTO       L_main2
0x018E	0x0BFB      	DECFSZ     R11, 1
0x018F	0x298A      	GOTO       L_main2
;MyProject.c,27 :: 		}
0x0190	0x295C      	GOTO       L_main0
;MyProject.c,29 :: 		}
L_end_main:
0x0191	0x2991      	GOTO       $+0
; end of _main
Symbol List:
//** Routines locations **
//ADDRESS    SIZE    PROCEDURE
//----------------------------------------------
0x0003       [7]    _____DoICP
0x000A      [10]    _UART1_Write
0x0014       [7]    _Delay_22us
0x001B      [29]    _Div_16x16_U
0x0038      [43]    _Mul_16x16_U
0x0063      [64]    _WordToStr
0x00A3       [6]    _PWM1_Init
0x00A9      [58]    _PWM1_Set_Duty
0x00E3      [36]    _ADC_Read
0x0107      [12]    ___CC2DW
0x0113      [22]    _UART1_Write_Text
0x0129       [8]    _PWM1_Start
0x0131      [16]    _UART1_Init
0x0141      [81]    _main
//** Variables locations ** 
//ADDRESS    SIZE    VARIABLE
//----------------------------------------------
0x0000       [1]    INDF
0x0002       [1]    PCL
0x0003       [1]    STATUS
0x0004       [1]    FSR
0x0007       [1]    PORTC
0x000A       [1]    PCLATH
0x000C       [1]    PIR1
0x0012       [1]    T2CON
0x0015       [1]    CCPR1L
0x0017       [1]    CCP1CON
0x0018       [1]    RCSTA
0x0019       [1]    TXREG
0x001A       [1]    RCREG
0x001E       [1]    ADRESH
0x001F       [1]    ADCON0
0x0020       [2]    ___DoICPAddr
0x0022       [2]    main_Vin_L0
0x0024       [6]    main_buffer_L0
0x002A       [2]    FARG_WordToStr_input
0x002A       [1]    FARG_PWM1_Set_Duty_new_duty
0x002A       [1]    FARG_UART1_Write_Text_uart_text
0x002A       [1]    FARG_ADC_Read_channel
0x002A       [4]    FARG_PWM1_Init_PWM_Freq
0x002B       [1]    UART1_Write_Text_data__L0
0x002C       [1]    FARG_WordToStr_output
0x002C       [1]    UART1_Write_Text_counter_L0
0x002D       [1]    WordToStr_len_L0
0x002E       [1]    FLOC__WordToStr
0x002F       [1]    FARG_UART1_Write_data_
0x0070       [1]    R0
0x0071       [1]    R1
0x0072       [1]    R2
0x0073       [1]    R3
0x0074       [1]    R4
0x0075       [1]    R5
0x0076       [1]    R6
0x0077       [1]    R7
0x0078       [1]    R8
0x0079       [1]    R9
0x007A       [1]    R10
0x007B       [1]    R11
0x007C       [1]    R12
0x007D       [1]    R13
0x007E       [1]    R14
0x007F       [1]    R15
0x0085       [1]    TRISA
0x0087       [0]    TRISC6_bit
0x0087       [0]    TRISC7_bit
0x0087       [0]    TRISC2_bit
0x0087       [1]    TRISC
0x0092       [1]    PR2
0x0098       [1]    TXSTA
0x0099       [1]    SPBRG
0x009E       [1]    ADRESL
0x009F       [1]    ADCON1
//** Label List: ** 
//----------------------------------------------
  L_main0
  L_main1
  L_main2
  L_end_main
  _main
  L_ADC_Get_Sample0
  L_ADC_Get_Sample1
  L_ADC_Read2
  L_ADC_Read3
  L_end_ADC_Init
  _ADC_Init
  L_end_ADC_Get_Sample
  _ADC_Get_Sample
  L_end_ADC_Read
  _ADC_Read
  L_ByteToStr0
  L_ByteToStr1
  L_ByteToStr2
  L_ByteToStr3
  L_ByteToStr4
  L_ByteToStr5
  L_WordToStr6
  L_WordToStr7
  L_WordToStr8
  L_WordToStr9
  L_WordToStr10
  L_WordToStr11
  L_WordToStrWithZeros12
  L_WordToStrWithZeros13
  L_WordToStrWithZeros14
  L_WordToStrWithZeros15
  L_WordToStrWithZeros16
  L_ShortToStr17
  L_ShortToStr18
  L_ShortToStr19
  L_ShortToStr20
  L_ShortToStr21
  L_ShortToStr22
  L_IntToStr23
  L_IntToStr24
  L_IntToStr25
  L_IntToStr26
  L_IntToStr27
  L_IntToStr28
  L_IntToStrWithZeros29
  L_IntToStrWithZeros30
  L_IntToStrWithZeros31
  L_IntToStrWithZeros32
  L_IntToStrWithZeros33
  L_IntToStrWithZeros34
  L_IntToStrWithZeros35
  L_IntToStrWithZeros36
  L_IntToStrWithZeros37
  L_LongWordToStr38
  L_LongWordToStr39
  L_LongWordToStr40
  L_LongWordToStr41
  L_LongWordToStr42
  L_LongWordToStr43
  L_LongWordToStrWithZeros44
  L_LongWordToStrWithZeros45
  L_LongWordToStrWithZeros46
  L_LongWordToStrWithZeros47
  L_LongWordToStrWithZeros48
  L_LongToStr49
  L_LongToStr50
  L_LongToStr51
  L_LongToStr52
  L_LongToStr53
  L_LongToStr54
  L_LongIntToStrWithZeros55
  L_LongIntToStrWithZeros56
  L_LongIntToStrWithZeros57
  L_LongIntToStrWithZeros58
  L_LongIntToStrWithZeros59
  L_LongIntToStrWithZeros60
  L_LongIntToStrWithZeros61
  L_LongIntToStrWithZeros62
  L_LongIntToStrWithZeros63
  L_Dec2Bcd64
  L_Dec2Bcd65
  L_Rtrim66
  L_Rtrim67
  L_Rtrim68
  L_Rtrim69
  L_Ltrim70
  L_Ltrim71
  L_Ltrim72
  L_Ltrim73
  L_Ltrim74
  L_Ltrim75
  L_FloatToStr76
  L_FloatToStr77
  L_FloatToStr78
  L_FloatToStr79
  L_FloatToStr80
  L_FloatToStr81
  L_FloatToStr82
  L_FloatToStr83
  L_FloatToStr84
  L_FloatToStr85
  L_FloatToStr86
  L_FloatToStr87
  L_FloatToStr88
  L_FloatToStr89
  L_FloatToStr90
  L_FloatToStr91
  L_FloatToStr92
  L_FloatToStr93
  L_FloatToStr94
  L_FloatToStr95
  L_FloatToStr96
  L_FloatToStr97
  L__Rtrim98
  L__Ltrim99
  L__FloatToStr100
  L_end_ByteToHex
  _ByteToHex
  L_end_ShortToHex
  _ShortToHex
  L_end_WordToHex
  _WordToHex
  L_end_IntToHex
  _IntToHex
  L_end_LongWordToHex
  _LongWordToHex
  L_end_LongIntToHex
  _LongIntToHex
  L_end_ByteToStr
  _ByteToStr
  L_end_WordToStr
  _WordToStr
  L__WordToStr109
  L_end_WordToStrWithZeros
  _WordToStrWithZeros
  L__WordToStrWithZeros111
  L_end_ShortToStr
  _ShortToStr
  L__ShortToStr113
  L_end_IntToStr
  _IntToStr
  L__IntToStr115
  L__IntToStr116
  L_end_IntToStrWithZeros
  _IntToStrWithZeros
  L__IntToStrWithZeros118
  L__IntToStrWithZeros119
  L__IntToStrWithZeros120
  L_end_LongWordToStr
  _LongWordToStr
  L__LongWordToStr122
  L__LongWordToStr123
  L_end_LongWordToStrWithZeros
  _LongWordToStrWithZeros
  L__LongWordToStrWithZeros125
  L_end_LongToStr
  _LongToStr
  L__LongToStr127
  L__LongToStr128
  L_end_LongIntToStrWithZeros
  _LongIntToStrWithZeros
  L__LongIntToStrWithZeros130
  L__LongIntToStrWithZeros131
  L__LongIntToStrWithZeros132
  L_end_Dec2Bcd
  _Dec2Bcd
  L_end_Bcd2Dec
  _Bcd2Dec
  L_end_Bcd2Dec16
  _Bcd2Dec16
  L__Bcd2Dec16136
  L__Bcd2Dec16137
  L_end_Dec2Bcd16
  _Dec2Bcd16
  L__Dec2Bcd16139
  L__Dec2Bcd16140
  L_end_Rtrim
  _Rtrim
  L_end_Ltrim
  _Ltrim
  L_end_FloatToStr
  _FloatToStr
  L__FloatToStr144
  L__FloatToStr145
  L__FloatToStr146
  L__FloatToStr147
  L__FloatToStr148
  L_Delay_10us0
  L_Delay_22us1
  L_Delay_50us2
  L_Delay_80us3
  L_Delay_500us4
  L_Delay_5500us5
  L_Delay_1ms6
  L_Delay_5ms7
  L_Delay_8ms8
  L_Delay_10ms9
  L_Delay_100ms10
  L_Delay_1sec11
  L_boot16_Delay_5ms12
  L_Delay_Cyc13
  L_Delay_Cyc14
  L_VDelay_ms15
  L_VDelay_ms16
  L_VDelay_ms17
  L_VDelay_Advanced_ms18
  L_VDelay_Advanced_ms19
  L_VDelay_Advanced_ms20
  L_end_Get_Fosc_kHz
  _Get_Fosc_kHz
  L_end_Delay_1us
  _Delay_1us
  L_end_Delay_10us
  _Delay_10us
  L_end_Delay_22us
  _Delay_22us
  L_end_Delay_50us
  _Delay_50us
  L_end_Delay_80us
  _Delay_80us
  L_end_Delay_500us
  _Delay_500us
  L_end_Delay_5500us
  _Delay_5500us
  L_end_Delay_1ms
  _Delay_1ms
  L_end_Delay_5ms
  _Delay_5ms
  L_end_Delay_8ms
  _Delay_8ms
  L_end_Delay_10ms
  _Delay_10ms
  L_end_Delay_100ms
  _Delay_100ms
  L_end_Delay_1sec
  _Delay_1sec
  L_end_boot16_Delay_5ms
  _boot16_Delay_5ms
  L_end_Delay_Cyc
  _Delay_Cyc
  L_end_VDelay_ms
  _VDelay_ms
  L__VDelay_ms38
  L__VDelay_ms39
  L__VDelay_ms40
  L_end_VDelay_Advanced_ms
  _VDelay_Advanced_ms
  L__VDelay_Advanced_ms42
  L__VDelay_Advanced_ms43
  L__VDelay_Advanced_ms44
  L_Div_16x16_S0
  L_Div_16x16_S1
  LOOPS3232A
  SADD22LA
  SOK22LA
  SADD22L8
  SOK22L8
  LOOPS3232B
  SADD22LB
  SOK22LB
  SADD22L16
  SOK22L16
  LOOPS3232C
  SADD22LC
  SOK22LC
  SADD22L24
  SOK22L24
  LOOPS3232D
  SADD22LD
  SOK22LD
  SOK22L
  L_Div_32x32_S6
  L_Div_32x32_S7
  L_Div_32x32_S8
  L_Div_32x32_S9
  FXD3232S
  END_ALL
  CA3232S
  C3232SX
  C3232SX1
  C3232S
  C3232S2
  C3232SX4
  C3232SOK
  C3232SX3
  C3232SX2
  avoid_comfrem
  LOOPU3232A
  UADD22LA
  UOK22LA
  UADD22L8
  UOK22L8
  LOOPU3232B
  UADD22LB
  UOK22LB
  UADD22L16
  UOK22L16
  LOOPU3232C
  UADD22LC
  UOK22LC
  UADD22L24
  UOK22L24
  LOOPU3232D
  UADD22LD
  UOK22LD
  UOK22L
  _NEXT
  _EXIT2
  _LOOP
  _EXIT1
  _IF_FIRST
  _IF_SECOND
  _INVERCE_FIRST
  _MULT
  _INBERSE_SECOND
  _EXIT
  L_end_Mul_8x8_U
  _Mul_8x8_U
  L_end_Mul_16x16_U
  _Mul_16x16_U
  L_end_Div_8x8_U
  _Div_8x8_U
  L_end_Div_16x16_U
  _Div_16x16_U
  L_end_Mul_8x8_S
  _Mul_8x8_S
  L_end_Mul_16x16_S
  _Mul_16x16_S
  L_end_Div_16x16_S_L
  _Div_16x16_S_L
  L_end_Div_16x16_S
  _Div_16x16_S
  L_end_Div_8x8_S
  _Div_8x8_S
  L_end_SDIV3232L
  _SDIV3232L
  L_end_COMFREM
  _COMFREM
  L_end_Div_32x32_S
  _Div_32x32_S
  L_end_Div_32x32_U
  _Div_32x32_U
  L_end_Mul_32x32_U
  _Mul_32x32_U
  L_end_Mul_32x32_S
  _Mul_32x32_S
  L_end_PWM2_Init
  _PWM2_Init
  L_end_PWM2_Set_Duty
  _PWM2_Set_Duty
  L__PWM2_Set_Duty2
  L__PWM2_Set_Duty3
  L__PWM2_Set_Duty4
  L__PWM2_Set_Duty5
  L_end_PWM2_Start
  _PWM2_Start
  L_end_PWM2_Stop
  _PWM2_Stop
  L_end_PWM1_Init
  _PWM1_Init
  L_end_PWM1_Set_Duty
  _PWM1_Set_Duty
  L__PWM1_Set_Duty10
  L__PWM1_Set_Duty11
  L__PWM1_Set_Duty12
  L__PWM1_Set_Duty13
  L_end_PWM1_Start
  _PWM1_Start
  L_end_PWM1_Stop
  _PWM1_Stop
  L_loopCA2AWs
  L_CA2AWend
  _CCA2AW_Loop1
  L_loopCS2Ss
  L_CS2Send
  _CCS2S_Loop1
  L_CCS2Send
  L_loopFZinSWs
  L_FZinSend
  _CC2D_Loop1
  L_end_____DoICP
  _____DoICP
  L_end_____DoIFC
  _____DoIFC
  L_end___CA2AW
  ___CA2AW
  L_end___CCA2AW
  ___CCA2AW
  L_end___CS2S
  ___CS2S
  L_end___CCS2S
  ___CCS2S
  L_end___FZinS
  ___FZinS
  L_end___CC2DW
  ___CC2DW
  L_end_Swap
  _Swap
  L_UART1_Init0
  L_UART1_Init1
  L_UART1_Read2
  L_UART1_Write3
  L_UART1_Write4
  L_UART1_Write_Text5
  L_UART1_Write_Text6
  L_UART1_Read_Text7
  L_UART1_Read_Text8
  L_UART1_Read_Text9
  L_UART1_Read_Text10
  L_UART1_Read_Text11
  L_UART1_Read_Text12
  L_UART1_Read_Text13
  L_UART1_Read_Text14
  L_UART1_Read_Text15
  L_end_UART1_Init
  _UART1_Init
  L_end_UART1_Data_Ready
  _UART1_Data_Ready
  L_end_UART1_Read
  _UART1_Read
  L_end_UART1_Tx_Idle
  _UART1_Tx_Idle
  L_end_UART1_Write
  _UART1_Write
  L_end_UART1_Write_Text
  _UART1_Write_Text
  L_end_UART1_Read_Text
  _UART1_Read_Text
